<?xml version="1.0" encoding="UTF-8"?>
<testng-results skipped="0" failed="0" total="2" passed="2">
  <reporter-output>
  </reporter-output>
  <suite name="com.qa.test.DemoTest" duration-ms="24" started-at="2018-01-21T18:33:23Z" finished-at="2018-01-21T18:33:23Z">
    <groups>
    </groups>
    <test name="Command line test" duration-ms="24" started-at="2018-01-21T18:33:23Z" finished-at="2018-01-21T18:33:23Z">
      <class name="com.qa.test.DemoTest">
        <test-method status="PASS" signature="sub()[pri:0, instance:com.qa.test.DemoTest@340f438e]" name="sub" duration-ms="8" started-at="2018-01-22T00:03:23Z" finished-at="2018-01-22T00:03:23Z">
          <reporter-output>
          </reporter-output>
        </test-method> <!-- sub -->
        <test-method status="PASS" signature="sum()[pri:0, instance:com.qa.test.DemoTest@340f438e]" name="sum" duration-ms="4" started-at="2018-01-22T00:03:23Z" finished-at="2018-01-22T00:03:23Z">
          <reporter-output>
          </reporter-output>
        </test-method> <!-- sum -->
      </class> <!-- com.qa.test.DemoTest -->
    </test> <!-- Command line test -->
  </suite> <!-- com.qa.test.DemoTest -->
</testng-results>
