<?xml version="1.0" encoding="UTF-8"?>
<testng-results skipped="0" failed="0" total="3" passed="3">
  <reporter-output>
  </reporter-output>
  <suite name="Default suite" duration-ms="3458" started-at="2018-01-24T16:58:14Z" finished-at="2018-01-24T16:58:17Z">
    <groups>
    </groups>
    <test name="Default test" duration-ms="3458" started-at="2018-01-24T16:58:14Z" finished-at="2018-01-24T16:58:17Z">
      <class name="com.qa.test.DemoTest">
        <test-method status="PASS" signature="startDriver()[pri:0, instance:com.qa.test.DemoTest@29ee9faa]" name="startDriver" duration-ms="3433" started-at="2018-01-24T22:28:14Z" finished-at="2018-01-24T22:28:17Z">
          <reporter-output>
          </reporter-output>
        </test-method> <!-- startDriver -->
        <test-method status="PASS" signature="sub()[pri:0, instance:com.qa.test.DemoTest@29ee9faa]" name="sub" duration-ms="4" started-at="2018-01-24T22:28:17Z" finished-at="2018-01-24T22:28:17Z">
          <reporter-output>
          </reporter-output>
        </test-method> <!-- sub -->
        <test-method status="PASS" signature="sum()[pri:0, instance:com.qa.test.DemoTest@29ee9faa]" name="sum" duration-ms="2" started-at="2018-01-24T22:28:17Z" finished-at="2018-01-24T22:28:17Z">
          <reporter-output>
          </reporter-output>
        </test-method> <!-- sum -->
      </class> <!-- com.qa.test.DemoTest -->
    </test> <!-- Default test -->
  </suite> <!-- Default suite -->
</testng-results>
